# JRE version: Java(TM) SE Runtime Environment (8.0_73-b02) (build 1.8.0_73-b02)
# Java VM: Java HotSpot(TM) 64-Bit Server VM (25.73-b02 mixed mode windows-amd64 compressed oops)
Heap:
 PSYoungGen      total 141824K, used 79884K [0x000000076b300000, 0x0000000780380000, 0x00000007c0000000)
  eden space 131072K, 60% used [0x000000076b300000,0x0000000770103340,0x0000000773300000)
  from space 10752K, 0% used [0x0000000773300000,0x0000000773300000,0x0000000773d80000)
  to   space 53760K, 0% used [0x000000077cf00000,0x000000077cf00000,0x0000000780380000)
 ParOldGen       total 115200K, used 115099K [0x00000006c1800000, 0x00000006c8880000, 0x000000076b300000)
  object space 115200K, 99% used [0x00000006c1800000,0x00000006c8866cf0,0x00000006c8880000)
 Metaspace       used 25029K, capacity 25414K, committed 25472K, reserved 1071104K
  class space    used 2791K, capacity 2920K, committed 2944K, reserved 1048576K
GC Heap History (10 events):
Event: 11.508 GC heap before
{Heap before GC invocations=14 (full 9):
 PSYoungGen      total 141824K, used 131072K [0x000000076b300000, 0x0000000780380000, 0x00000007c0000000)
  eden space 131072K, 100% used [0x000000076b300000,0x0000000773300000,0x0000000773300000)
  from space 10752K, 0% used [0x0000000773300000,0x0000000773300000,0x0000000773d80000)
  to   space 53760K, 0% used [0x000000077cf00000,0x000000077cf00000,0x0000000780380000)
 ParOldGen       total 115200K, used 115099K [0x00000006c1800000, 0x00000006c8880000, 0x000000076b300000)
  object space 115200K, 99% used [0x00000006c1800000,0x00000006c8866da0,0x00000006c8880000)
 Metaspace       used 24554K, capacity 24884K, committed 25216K, reserved 1071104K
  class space    used 2746K, capacity 2853K, committed 2944K, reserved 1048576K
Event: 12.055 GC heap after
Heap after GC invocations=14 (full 9):
 PSYoungGen      total 141824K, used 19312K [0x000000076b300000, 0x0000000780380000, 0x00000007c0000000)
  eden space 131072K, 14% used [0x000000076b300000,0x000000076c5dc1c0,0x0000000773300000)
  from space 10752K, 0% used [0x0000000773300000,0x0000000773300000,0x0000000773d80000)
  to   space 53760K, 0% used [0x000000077cf00000,0x000000077cf00000,0x0000000780380000)
 ParOldGen       total 115200K, used 115099K [0x00000006c1800000, 0x00000006c8880000, 0x000000076b300000)
  object space 115200K, 99% used [0x00000006c1800000,0x00000006c8866cf0,0x00000006c8880000)
 Metaspace       used 24554K, capacity 24884K, committed 25216K, reserved 1071104K
  class space    used 2746K, capacity 2853K, committed 2944K, reserved 1048576K
}
Event: 12.163 GC heap before
{Heap before GC invocations=15 (full 10):
 PSYoungGen      total 141824K, used 131072K [0x000000076b300000, 0x0000000780380000, 0x00000007c0000000)
  eden space 131072K, 100% used [0x000000076b300000,0x0000000773300000,0x0000000773300000)
  from space 10752K, 0% used [0x0000000773300000,0x0000000773300000,0x0000000773d80000)
  to   space 53760K, 0% used [0x000000077cf00000,0x000000077cf00000,0x0000000780380000)
 ParOldGen       total 115200K, used 115099K [0x00000006c1800000, 0x00000006c8880000, 0x000000076b300000)
  object space 115200K, 99% used [0x00000006c1800000,0x00000006c8866cf0,0x00000006c8880000)
 Metaspace       used 24947K, capacity 25338K, committed 25472K, reserved 1071104K
  class space    used 2789K, capacity 2918K, committed 2944K, reserved 1048576K
Event: 12.521 GC heap after
Heap after GC invocations=15 (full 10):
 PSYoungGen      total 141824K, used 19959K [0x000000076b300000, 0x0000000780380000, 0x00000007c0000000)
  eden space 131072K, 15% used [0x000000076b300000,0x000000076c67dff8,0x0000000773300000)
  from space 10752K, 0% used [0x0000000773300000,0x0000000773300000,0x0000000773d80000)
  to   space 53760K, 0% used [0x000000077cf00000,0x000000077cf00000,0x0000000780380000)
 ParOldGen       total 115200K, used 115099K [0x00000006c1800000, 0x00000006c8880000, 0x000000076b300000)
  object space 115200K, 99% used [0x00000006c1800000,0x00000006c8866cf0,0x00000006c8880000)
 Metaspace       used 24947K, capacity 25338K, committed 25472K, reserved 1071104K
  class space    used 2789K, capacity 2918K, committed 2944K, reserved 1048576K
}
Event: 12.581 GC heap before
{Heap before GC invocations=16 (full 11):
 PSYoungGen      total 141824K, used 131072K [0x000000076b300000, 0x0000000780380000, 0x00000007c0000000)
  eden space 131072K, 100% used [0x000000076b300000,0x0000000773300000,0x0000000773300000)
  from space 10752K, 0% used [0x0000000773300000,0x0000000773300000,0x0000000773d80000)
  to   space 53760K, 0% used [0x000000077cf00000,0x000000077cf00000,0x0000000780380000)
 ParOldGen       total 115200K, used 115099K [0x00000006c1800000, 0x00000006c8880000, 0x000000076b300000)
  object space 115200K, 99% used [0x00000006c1800000,0x00000006c8866cf0,0x00000006c8880000)
 Metaspace       used 24994K, capacity 25338K, committed 25472K, reserved 1071104K
  class space    used 2789K, capacity 2918K, committed 2944K, reserved 1048576K
Event: 12.947 GC heap after
Heap after GC invocations=16 (full 11):
 PSYoungGen      total 141824K, used 19720K [0x000000076b300000, 0x0000000780380000, 0x00000007c0000000)
  eden space 131072K, 15% used [0x000000076b300000,0x000000076c642248,0x0000000773300000)
  from space 10752K, 0% used [0x0000000773300000,0x0000000773300000,0x0000000773d80000)
  to   space 53760K, 0% used [0x000000077cf00000,0x000000077cf00000,0x0000000780380000)
 ParOldGen       total 115200K, used 115099K [0x00000006c1800000, 0x00000006c8880000, 0x000000076b300000)
  object space 115200K, 99% used [0x00000006c1800000,0x00000006c8866cf0,0x00000006c8880000)
 Metaspace       used 24994K, capacity 25338K, committed 25472K, reserved 1071104K
  class space    used 2789K, capacity 2918K, committed 2944K, reserved 1048576K
}
Event: 13.015 GC heap before
{Heap before GC invocations=17 (full 12):
 PSYoungGen      total 141824K, used 131072K [0x000000076b300000, 0x0000000780380000, 0x00000007c0000000)
  eden space 131072K, 100% used [0x000000076b300000,0x0000000773300000,0x0000000773300000)
  from space 10752K, 0% used [0x0000000773300000,0x0000000773300000,0x0000000773d80000)
  to   space 53760K, 0% used [0x000000077cf00000,0x000000077cf00000,0x0000000780380000)
 ParOldGen       total 115200K, used 115099K [0x00000006c1800000, 0x00000006c8880000, 0x000000076b300000)
  object space 115200K, 99% used [0x00000006c1800000,0x00000006c8866cf0,0x00000006c8880000)
 Metaspace       used 25018K, capacity 25344K, committed 25472K, reserved 1071104K
  class space    used 2791K, capacity 2919K, committed 2944K, reserved 1048576K
Event: 13.371 GC heap after
Heap after GC invocations=17 (full 12):
 PSYoungGen      total 141824K, used 19755K [0x000000076b300000, 0x0000000780380000, 0x00000007c0000000)
  eden space 131072K, 15% used [0x000000076b300000,0x000000076c64ad00,0x0000000773300000)
  from space 10752K, 0% used [0x0000000773300000,0x0000000773300000,0x0000000773d80000)
  to   space 53760K, 0% used [0x000000077cf00000,0x000000077cf00000,0x0000000780380000)
 ParOldGen       total 115200K, used 115099K [0x00000006c1800000, 0x00000006c8880000, 0x000000076b300000)
  object space 115200K, 99% used [0x00000006c1800000,0x00000006c8866cf0,0x00000006c8880000)
 Metaspace       used 25018K, capacity 25344K, committed 25472K, reserved 1071104K
  class space    used 2791K, capacity 2919K, committed 2944K, reserved 1048576K
}
Event: 13.424 GC heap before
{Heap before GC invocations=18 (full 13):
 PSYoungGen      total 141824K, used 131072K [0x000000076b300000, 0x0000000780380000, 0x00000007c0000000)
  eden space 131072K, 100% used [0x000000076b300000,0x0000000773300000,0x0000000773300000)
  from space 10752K, 0% used [0x0000000773300000,0x0000000773300000,0x0000000773d80000)
  to   space 53760K, 0% used [0x000000077cf00000,0x000000077cf00000,0x0000000780380000)
 ParOldGen       total 115200K, used 115099K [0x00000006c1800000, 0x00000006c8880000, 0x000000076b300000)
  object space 115200K, 99% used [0x00000006c1800000,0x00000006c8866cf0,0x00000006c8880000)
 Metaspace       used 25029K, capacity 25414K, committed 25472K, reserved 1071104K
  class space    used 2791K, capacity 2920K, committed 2944K, reserved 1048576K
Event: 13.764 GC heap after
Heap after GC invocations=18 (full 13):
 PSYoungGen      total 141824K, used 19798K [0x000000076b300000, 0x0000000780380000, 0x00000007c0000000)
  eden space 131072K, 15% used [0x000000076b300000,0x000000076c655938,0x0000000773300000)
  from space 10752K, 0% used [0x0000000773300000,0x0000000773300000,0x0000000773d80000)
  to   space 53760K, 0% used [0x000000077cf00000,0x000000077cf00000,0x0000000780380000)
 ParOldGen       total 115200K, used 115099K [0x00000006c1800000, 0x00000006c8880000, 0x000000076b300000)
  object space 115200K, 99% used [0x00000006c1800000,0x00000006c8866cf0,0x00000006c8880000)
 Metaspace       used 25029K, capacity 25414K, committed 25472K, reserved 1071104K
  class space    used 2791K, capacity 2920K, committed 2944K, reserved 1048576K
}

