# JRE version: Java(TM) SE Runtime Environment (8.0_73-b02) (build 1.8.0_73-b02)
# Java VM: Java HotSpot(TM) 64-Bit Server VM (25.73-b02 mixed mode windows-amd64 compressed oops)
Heap:
 PSYoungGen      total 132096K, used 80896K [0x000000076b300000, 0x0000000779200000, 0x00000007c0000000)
  eden space 80896K, 100% used [0x000000076b300000,0x0000000770200000,0x0000000770200000)
  from space 51200K, 0% used [0x0000000774200000,0x0000000774200000,0x0000000777400000)
  to   space 65536K, 0% used [0x0000000770200000,0x0000000770200000,0x0000000774200000)
 ParOldGen       total 91136K, used 90965K [0x00000006c1800000, 0x00000006c7100000, 0x000000076b300000)
  object space 91136K, 99% used [0x00000006c1800000,0x00000006c70d5410,0x00000006c7100000)
 Metaspace       used 24316K, capacity 24664K, committed 24960K, reserved 1071104K
  class space    used 2729K, capacity 2821K, committed 2944K, reserved 1048576K
GC Heap History (10 events):
Event: 25.513 GC heap after
Heap after GC invocations=9 (full 1):
 PSYoungGen      total 132096K, used 51170K [0x000000076b300000, 0x0000000779200000, 0x00000007c0000000)
  eden space 80896K, 0% used [0x000000076b300000,0x000000076b300000,0x0000000770200000)
  from space 51200K, 99% used [0x0000000774200000,0x00000007773f8ac8,0x0000000777400000)
  to   space 65536K, 0% used [0x0000000770200000,0x0000000770200000,0x0000000774200000)
 ParOldGen       total 91136K, used 70807K [0x00000006c1800000, 0x00000006c7100000, 0x000000076b300000)
  object space 91136K, 77% used [0x00000006c1800000,0x00000006c5d25ea0,0x00000006c7100000)
 Metaspace       used 23429K, capacity 23782K, committed 24064K, reserved 1071104K
  class space    used 2669K, capacity 2784K, committed 2816K, reserved 1048576K
}
Event: 25.513 GC heap before
{Heap before GC invocations=10 (full 2):
 PSYoungGen      total 132096K, used 51170K [0x000000076b300000, 0x0000000779200000, 0x00000007c0000000)
  eden space 80896K, 0% used [0x000000076b300000,0x000000076b300000,0x0000000770200000)
  from space 51200K, 99% used [0x0000000774200000,0x00000007773f8ac8,0x0000000777400000)
  to   space 65536K, 0% used [0x0000000770200000,0x0000000770200000,0x0000000774200000)
 ParOldGen       total 91136K, used 70807K [0x00000006c1800000, 0x00000006c7100000, 0x000000076b300000)
  object space 91136K, 77% used [0x00000006c1800000,0x00000006c5d25ea0,0x00000006c7100000)
 Metaspace       used 23429K, capacity 23782K, committed 24064K, reserved 1071104K
  class space    used 2669K, capacity 2784K, committed 2816K, reserved 1048576K
Event: 26.220 GC heap after
Heap after GC invocations=10 (full 2):
 PSYoungGen      total 132096K, used 33645K [0x000000076b300000, 0x0000000779200000, 0x00000007c0000000)
  eden space 80896K, 0% used [0x000000076b300000,0x000000076b300000,0x0000000770200000)
  from space 51200K, 65% used [0x0000000774200000,0x00000007762db578,0x0000000777400000)
  to   space 65536K, 0% used [0x0000000770200000,0x0000000770200000,0x0000000774200000)
 ParOldGen       total 91136K, used 86138K [0x00000006c1800000, 0x00000006c7100000, 0x000000076b300000)
  object space 91136K, 94% used [0x00000006c1800000,0x00000006c6c1e950,0x00000006c7100000)
 Metaspace       used 23429K, capacity 23782K, committed 24064K, reserved 1071104K
  class space    used 2669K, capacity 2784K, committed 2816K, reserved 1048576K
}
Event: 28.703 GC heap before
{Heap before GC invocations=11 (full 3):
 PSYoungGen      total 132096K, used 114541K [0x000000076b300000, 0x0000000779200000, 0x00000007c0000000)
  eden space 80896K, 100% used [0x000000076b300000,0x0000000770200000,0x0000000770200000)
  from space 51200K, 65% used [0x0000000774200000,0x00000007762db578,0x0000000777400000)
  to   space 65536K, 0% used [0x0000000770200000,0x0000000770200000,0x0000000774200000)
 ParOldGen       total 91136K, used 86138K [0x00000006c1800000, 0x00000006c7100000, 0x000000076b300000)
  object space 91136K, 94% used [0x00000006c1800000,0x00000006c6c1e950,0x00000006c7100000)
 Metaspace       used 24177K, capacity 24466K, committed 24704K, reserved 1071104K
  class space    used 2727K, capacity 2820K, committed 2944K, reserved 1048576K
Event: 29.208 GC heap after
Heap after GC invocations=11 (full 3):
 PSYoungGen      total 132096K, used 43708K [0x000000076b300000, 0x0000000779200000, 0x00000007c0000000)
  eden space 80896K, 54% used [0x000000076b300000,0x000000076ddaf0d0,0x0000000770200000)
  from space 51200K, 0% used [0x0000000774200000,0x0000000774200000,0x0000000777400000)
  to   space 65536K, 0% used [0x0000000770200000,0x0000000770200000,0x0000000774200000)
 ParOldGen       total 91136K, used 90973K [0x00000006c1800000, 0x00000006c7100000, 0x000000076b300000)
  object space 91136K, 99% used [0x00000006c1800000,0x00000006c70d77a8,0x00000006c7100000)
 Metaspace       used 24177K, capacity 24466K, committed 24704K, reserved 1071104K
  class space    used 2727K, capacity 2820K, committed 2944K, reserved 1048576K
}
Event: 29.635 GC heap before
{Heap before GC invocations=12 (full 4):
 PSYoungGen      total 132096K, used 80896K [0x000000076b300000, 0x0000000779200000, 0x00000007c0000000)
  eden space 80896K, 100% used [0x000000076b300000,0x0000000770200000,0x0000000770200000)
  from space 51200K, 0% used [0x0000000774200000,0x0000000774200000,0x0000000777400000)
  to   space 65536K, 0% used [0x0000000770200000,0x0000000770200000,0x0000000774200000)
 ParOldGen       total 91136K, used 90973K [0x00000006c1800000, 0x00000006c7100000, 0x000000076b300000)
  object space 91136K, 99% used [0x00000006c1800000,0x00000006c70d77a8,0x00000006c7100000)
 Metaspace       used 24249K, capacity 24530K, committed 24704K, reserved 1071104K
  class space    used 2728K, capacity 2820K, committed 2944K, reserved 1048576K
Event: 29.987 GC heap after
Heap after GC invocations=12 (full 4):
 PSYoungGen      total 132096K, used 43817K [0x000000076b300000, 0x0000000779200000, 0x00000007c0000000)
  eden space 80896K, 54% used [0x000000076b300000,0x000000076ddca4d8,0x0000000770200000)
  from space 51200K, 0% used [0x0000000774200000,0x0000000774200000,0x0000000777400000)
  to   space 65536K, 0% used [0x0000000770200000,0x0000000770200000,0x0000000774200000)
 ParOldGen       total 91136K, used 90965K [0x00000006c1800000, 0x00000006c7100000, 0x000000076b300000)
  object space 91136K, 99% used [0x00000006c1800000,0x00000006c70d5410,0x00000006c7100000)
 Metaspace       used 24249K, capacity 24530K, committed 24704K, reserved 1071104K
  class space    used 2728K, capacity 2820K, committed 2944K, reserved 1048576K
}
Event: 30.093 GC heap before
{Heap before GC invocations=13 (full 5):
 PSYoungGen      total 132096K, used 80896K [0x000000076b300000, 0x0000000779200000, 0x00000007c0000000)
  eden space 80896K, 100% used [0x000000076b300000,0x0000000770200000,0x0000000770200000)
  from space 51200K, 0% used [0x0000000774200000,0x0000000774200000,0x0000000777400000)
  to   space 65536K, 0% used [0x0000000770200000,0x0000000770200000,0x0000000774200000)
 ParOldGen       total 91136K, used 90965K [0x00000006c1800000, 0x00000006c7100000, 0x000000076b300000)
  object space 91136K, 99% used [0x00000006c1800000,0x00000006c70d5410,0x00000006c7100000)
 Metaspace       used 24283K, capacity 24594K, committed 24960K, reserved 1071104K
  class space    used 2729K, capacity 2820K, committed 2944K, reserved 1048576K
Event: 30.416 GC heap after
Heap after GC invocations=13 (full 5):
 PSYoungGen      total 132096K, used 44211K [0x000000076b300000, 0x0000000779200000, 0x00000007c0000000)
  eden space 80896K, 54% used [0x000000076b300000,0x000000076de2cf38,0x0000000770200000)
  from space 51200K, 0% used [0x0000000774200000,0x0000000774200000,0x0000000777400000)
  to   space 65536K, 0% used [0x0000000770200000,0x0000000770200000,0x0000000774200000)
 ParOldGen       total 91136K, used 90965K [0x00000006c1800000, 0x00000006c7100000, 0x000000076b300000)
  object space 91136K, 99% used [0x00000006c1800000,0x00000006c70d5410,0x00000006c7100000)
 Metaspace       used 24283K, capacity 24594K, committed 24960K, reserved 1071104K
  class space    used 2729K, capacity 2820K, committed 2944K, reserved 1048576K
}
Event: 30.482 GC heap before
{Heap before GC invocations=14 (full 6):
 PSYoungGen      total 132096K, used 80896K [0x000000076b300000, 0x0000000779200000, 0x00000007c0000000)
  eden space 80896K, 100% used [0x000000076b300000,0x0000000770200000,0x0000000770200000)
  from space 51200K, 0% used [0x0000000774200000,0x0000000774200000,0x0000000777400000)
  to   space 65536K, 0% used [0x0000000770200000,0x0000000770200000,0x0000000774200000)
 ParOldGen       total 91136K, used 90965K [0x00000006c1800000, 0x00000006c7100000, 0x000000076b300000)
  object space 91136K, 99% used [0x00000006c1800000,0x00000006c70d5410,0x00000006c7100000)
 Metaspace       used 24316K, capacity 24664K, committed 24960K, reserved 1071104K
  class space    used 2729K, capacity 2821K, committed 2944K, reserved 1048576K

